[23:34:56.922] [31mERROR[39m: [36mTelegram polling error[39m
    content: {
      "error": {
        "code": "EFATAL",
        "message": "EFATAL: Error: connect ENETUNREACH 2001:67c:4e8:f004::9:443 - Local (:::0)"
      }
    }
[23:34:56.932] [31mERROR[39m: [36mTelegram commands can not set[39m
    content: {
      "err": {
        "type": "FatalError",
        "message": "EFATAL: Error: connect ENETUNREACH 2001:67c:4e8:f004::9:443 - Local (:::0)",
        "stack": "RequestError: Error: connect ENETUNREACH 2001:67c:4e8:f004::9:443 - Local (:::0)\n    at new RequestError (/home/joma/Projects/trading-bot/node_modules/request-promise-core/lib/errors.js:14:15)\n    at plumbing.callback (/home/joma/Projects/trading-bot/node_modules/request-promise-core/lib/plumbing.js:87:29)\n    at Request.RP$callback [as _callback] (/home/joma/Projects/trading-bot/node_modules/request-promise-core/lib/plumbing.js:46:31)\n    at self.callback (/home/joma/Projects/trading-bot/node_modules/@cypress/request/request.js:183:22)\n    at Request.emit (node:events:519:28)\n    at Request.onRequestError (/home/joma/Projects/trading-bot/node_modules/@cypress/request/request.js:869:8)\n    at ClientRequest.emit (node:events:519:28)\n    at emitErrorEvent (node:_http_client:108:11)\n    at TLSSocket.socketErrorListener (node:_http_client:511:5)\n    at TLSSocket.emit (node:events:519:28)\n    at emitErrorNT (node:internal/streams/destroy:169:8)\n    at emitErrorCloseNT (node:internal/streams/destroy:128:3)\n    at process.processTicksAndRejections (node:internal/process/task_queues:82:21)",
        "code": "EFATAL"
      }
    }
[23:35:02.964] [31mERROR[39m: [36mTelegram commands can not set[39m
    content: {
      "err": {
        "type": "FatalError",
        "message": "EFATAL: Error: connect ENETUNREACH 2001:67c:4e8:f004::9:443 - Local (:::0)",
        "stack": "RequestError: Error: connect ENETUNREACH 2001:67c:4e8:f004::9:443 - Local (:::0)\n    at new RequestError (/home/joma/Projects/trading-bot/node_modules/request-promise-core/lib/errors.js:14:15)\n    at plumbing.callback (/home/joma/Projects/trading-bot/node_modules/request-promise-core/lib/plumbing.js:87:29)\n    at Request.RP$callback [as _callback] (/home/joma/Projects/trading-bot/node_modules/request-promise-core/lib/plumbing.js:46:31)\n    at self.callback (/home/joma/Projects/trading-bot/node_modules/@cypress/request/request.js:183:22)\n    at Request.emit (node:events:519:28)\n    at Request.onRequestError (/home/joma/Projects/trading-bot/node_modules/@cypress/request/request.js:869:8)\n    at ClientRequest.emit (node:events:519:28)\n    at emitErrorEvent (node:_http_client:108:11)\n    at TLSSocket.socketErrorListener (node:_http_client:511:5)\n    at TLSSocket.emit (node:events:519:28)\n    at emitErrorNT (node:internal/streams/destroy:169:8)\n    at emitErrorCloseNT (node:internal/streams/destroy:128:3)\n    at process.processTicksAndRejections (node:internal/process/task_queues:82:21)",
        "code": "EFATAL"
      }
    }
[23:35:02.969] [31mERROR[39m: [36mTelegram polling error[39m
    content: {
      "error": {
        "code": "EFATAL",
        "message": "EFATAL: Error: connect ENETUNREACH 2001:67c:4e8:f004::9:443 - Local (:::0)"
      }
    }
[02:44:43.492] [31mERROR[39m: [36mTelegram bot - allowed users[39m
    content: {
      "0": 989152898
    }
[02:45:04.790] [31mERROR[39m: [36mTelegram bot - allowed users[39m
    0: 989152898
[02:45:31.541] [31mERROR[39m: [36mTelegram bot - allowed users, 989152898[39m
[2024-10-29 12:59:25 +0500] [31mERROR[39m: [36mTelegram polling error[39m
    content: {
      "error": {
        "code": "EFATAL",
        "message": "EFATAL: Error: read ETIMEDOUT"
      }
    }
[2024-10-29 12:59:32 +0500] [31mERROR[39m: [36mTelegram polling error[39m
    content: {
      "error": {
        "code": "EFATAL",
        "message": "EFATAL: Error: read ECONNRESET"
      }
    }
[2024-10-29 13:04:34 +0500] [31mERROR[39m: [36mError setting Telegram commands[39m
    content: {
      "error": {
        "code": "EFATAL",
        "message": "EFATAL: AggregateError"
      }
    }
[2024-10-29 13:04:34 +0500] [31mERROR[39m: [36mTelegram polling error[39m
    content: {
      "error": {
        "code": "EFATAL",
        "message": "EFATAL: AggregateError"
      }
    }
[2024-10-29 13:04:35 +0500] [31mERROR[39m: [36mTelegram polling error[39m
    content: {
      "error": {
        "code": "EFATAL",
        "message": "EFATAL: AggregateError"
      }
    }
[2024-10-29 13:20:11 +0500] [31mERROR[39m: [36mTelegram polling error[39m
    content: {
      "error": {
        "code": "EFATAL",
        "message": "EFATAL: AggregateError"
      }
    }
[2024-10-29 13:20:11 +0500] [31mERROR[39m: [36mError setting Telegram commands[39m
    content: {
      "error": {
        "code": "EFATAL",
        "message": "EFATAL: AggregateError"
      }
    }
[2024-10-29 13:22:22 +0500] [31mERROR[39m: [36mTelegram polling error[39m
    content: {
      "error": {
        "code": "EFATAL",
        "message": "EFATAL: AggregateError"
      }
    }
[2024-10-29 13:22:22 +0500] [31mERROR[39m: [36mError setting Telegram commands[39m
    content: {
      "error": {
        "code": "EFATAL",
        "message": "EFATAL: AggregateError"
      }
    }
[2024-10-29 13:22:23 +0500] [31mERROR[39m: [36mTelegram polling error[39m
    content: {
      "error": {
        "code": "EFATAL",
        "message": "EFATAL: AggregateError"
      }
    }
[2024-10-29 13:22:24 +0500] [31mERROR[39m: [36mTelegram polling error[39m
    content: {
      "error": {
        "code": "EFATAL",
        "message": "EFATAL: AggregateError"
      }
    }
[2024-10-29 13:22:24 +0500] [31mERROR[39m: [36mTelegram polling error[39m
    content: {
      "error": {
        "code": "EFATAL",
        "message": "EFATAL: AggregateError"
      }
    }
[2024-10-29 13:22:25 +0500] [31mERROR[39m: [36mTelegram polling error[39m
    content: {
      "error": {
        "code": "EFATAL",
        "message": "EFATAL: AggregateError"
      }
    }
[2024-10-29 13:22:25 +0500] [31mERROR[39m: [36mTelegram polling error[39m
    content: {
      "error": {
        "code": "EFATAL",
        "message": "EFATAL: AggregateError"
      }
    }
[2024-10-29 13:22:26 +0500] [31mERROR[39m: [36mTelegram polling error[39m
    content: {
      "error": {
        "code": "EFATAL",
        "message": "EFATAL: AggregateError"
      }
    }
[2024-10-29 13:22:50 +0500] [31mERROR[39m: [36mTelegram polling error[39m
    content: {
      "error": {
        "code": "EFATAL",
        "message": "EFATAL: AggregateError"
      }
    }
[2024-10-29 13:22:51 +0500] [31mERROR[39m: [36mTelegram polling error[39m
    content: {
      "error": {
        "code": "EFATAL",
        "message": "EFATAL: AggregateError"
      }
    }
[2024-10-29 13:26:39 +0500] [31mERROR[39m: [36mError setting Telegram commands[39m
    content: {
      "error": {
        "code": "EFATAL",
        "message": "EFATAL: AggregateError"
      }
    }
[2024-10-29 13:26:39 +0500] [31mERROR[39m: [36mTelegram polling error[39m
    content: {
      "error": {
        "code": "EFATAL",
        "message": "EFATAL: AggregateError"
      }
    }
[2024-10-29 13:26:39 +0500] [31mERROR[39m: [36mTelegram polling error[39m
    content: {
      "error": {
        "code": "EFATAL",
        "message": "EFATAL: AggregateError"
      }
    }
[2024-10-29 13:26:40 +0500] [31mERROR[39m: [36mTelegram polling error[39m
    content: {
      "error": {
        "code": "EFATAL",
        "message": "EFATAL: AggregateError"
      }
    }
[2024-10-29 13:26:40 +0500] [31mERROR[39m: [36mTelegram polling error[39m
    content: {
      "error": {
        "code": "EFATAL",
        "message": "EFATAL: AggregateError"
      }
    }
[2024-10-29 13:26:41 +0500] [31mERROR[39m: [36mTelegram polling error[39m
    content: {
      "error": {
        "code": "EFATAL",
        "message": "EFATAL: AggregateError"
      }
    }
[2024-10-29 13:26:42 +0500] [31mERROR[39m: [36mTelegram polling error[39m
    content: {
      "error": {
        "code": "EFATAL",
        "message": "EFATAL: AggregateError"
      }
    }
[2024-10-29 13:27:07 +0500] [31mERROR[39m: [36mTelegram polling error[39m
    content: {
      "error": {
        "code": "EFATAL",
        "message": "EFATAL: AggregateError"
      }
    }
[2024-10-29 13:27:07 +0500] [31mERROR[39m: [36mError setting Telegram commands[39m
    content: {
      "error": {
        "code": "EFATAL",
        "message": "EFATAL: AggregateError"
      }
    }
[2024-10-29 13:27:08 +0500] [31mERROR[39m: [36mTelegram polling error[39m
    content: {
      "error": {
        "code": "EFATAL",
        "message": "EFATAL: AggregateError"
      }
    }
[2024-10-29 13:27:08 +0500] [31mERROR[39m: [36mTelegram polling error[39m
    content: {
      "error": {
        "code": "EFATAL",
        "message": "EFATAL: AggregateError"
      }
    }
[2024-10-29 13:27:09 +0500] [31mERROR[39m: [36mTelegram polling error[39m
    content: {
      "error": {
        "code": "EFATAL",
        "message": "EFATAL: AggregateError"
      }
    }
[2024-10-29 13:27:34 +0500] [31mERROR[39m: [36mTelegram polling error[39m
    content: {
      "error": {
        "code": "EFATAL",
        "message": "EFATAL: AggregateError"
      }
    }
[2024-10-29 13:28:07 +0500] [31mERROR[39m: [36mTelegram polling error[39m
    content: {
      "error": {
        "code": "EFATAL",
        "message": "EFATAL: AggregateError"
      }
    }
[2024-10-29 13:28:07 +0500] [31mERROR[39m: [36mError setting Telegram commands[39m
    content: {
      "error": {
        "code": "EFATAL",
        "message": "EFATAL: AggregateError"
      }
    }
[2024-10-29 13:28:07 +0500] [31mERROR[39m: [36mTelegram polling error[39m
    content: {
      "error": {
        "code": "EFATAL",
        "message": "EFATAL: AggregateError"
      }
    }
[2024-10-29 13:28:08 +0500] [31mERROR[39m: [36mTelegram polling error[39m
    content: {
      "error": {
        "code": "EFATAL",
        "message": "EFATAL: AggregateError"
      }
    }
[2024-10-29 13:28:11 +0500] [31mERROR[39m: [36mTelegram polling error[39m
    content: {
      "error": {
        "code": "EFATAL",
        "message": "EFATAL: AggregateError"
      }
    }
[2024-10-29 13:44:48 +0500] [31mERROR[39m: [36mError setting Telegram commands[39m
    content: {
      "error": {
        "code": "EFATAL",
        "message": "EFATAL: AggregateError"
      }
    }
[2024-10-29 13:44:48 +0500] [31mERROR[39m: [36mTelegram polling error[39m
    content: {
      "error": {
        "code": "EFATAL",
        "message": "EFATAL: AggregateError"
      }
    }
[2024-10-29 13:45:22 +0500] [31mERROR[39m: [36mTelegram polling error[39m
    content: {
      "error": {
        "code": "EFATAL",
        "message": "EFATAL: AggregateError"
      }
    }
[2024-10-29 13:45:22 +0500] [31mERROR[39m: [36mError setting Telegram commands[39m
    content: {
      "error": {
        "code": "EFATAL",
        "message": "EFATAL: AggregateError"
      }
    }
[2024-10-29 15:36:12 +0500] [31mERROR[39m: [36mTelegram polling error[39m
    content: {
      "error": {
        "code": "EFATAL",
        "message": "EFATAL: AggregateError"
      }
    }
[2024-10-29 15:36:12 +0500] [31mERROR[39m: [36mTelegram polling error[39m
    content: {
      "error": {
        "code": "EFATAL",
        "message": "EFATAL: AggregateError"
      }
    }
[2024-10-29 15:40:16 +0500] [31mERROR[39m: [36mTelegram polling error[39m
    content: {
      "error": {
        "code": "EFATAL",
        "message": "EFATAL: AggregateError"
      }
    }
[2024-10-29 15:40:16 +0500] [31mERROR[39m: [36mError setting Telegram commands[39m
    content: {
      "error": {
        "code": "EFATAL",
        "message": "EFATAL: AggregateError"
      }
    }
[2024-10-29 19:57:04 +0500] [31mERROR[39m: [36mTelegram bot error[39m
    content: {
      "err": {
        "type": "FetchError",
        "message": "request to https://api.telegram.org/bot7878779760:[REDACTED]/sendMessage failed, reason: ",
        "stack": "FetchError: request to https://api.telegram.org/bot7878779760:[REDACTED]/sendMessage failed, reason: \n    at ClientRequest.<anonymous> (/home/joma/Projects/trading-bot/node_modules/node-fetch/lib/index.js:1501:11)\n    at ClientRequest.emit (node:events:519:28)\n    at emitErrorEvent (node:_http_client:108:11)\n    at TLSSocket.socketErrorListener (node:_http_client:511:5)\n    at TLSSocket.emit (node:events:519:28)\n    at emitErrorNT (node:internal/streams/destroy:169:8)\n    at emitErrorCloseNT (node:internal/streams/destroy:128:3)\n    at process.processTicksAndRejections (node:internal/process/task_queues:82:21)",
        "errno": "ETIMEDOUT",
        "code": "ETIMEDOUT",
        "name": "FetchError"
      }
    }
[2024-10-29 21:48:01 +0500] [31mERROR[39m: [36mTelegram bot error[39m
    content: {
      "err": {
        "type": "QueryFailedError",
        "message": "SqliteError: FOREIGN KEY constraint failed",
        "stack": "QueryFailedError: SqliteError: FOREIGN KEY constraint failed\n    at BetterSqlite3QueryRunner.query (/home/joma/Projects/trading-bot/node_modules/typeorm/driver/src/driver/better-sqlite3/BetterSqlite3QueryRunner.ts:131:19)\n    at process.processTicksAndRejections (node:internal/process/task_queues:95:5)\n    at async InsertQueryBuilder.execute (/home/joma/Projects/trading-bot/node_modules/typeorm/query-builder/src/query-builder/InsertQueryBuilder.ts:163:33)\n    at async SubjectExecutor.executeInsertOperations (/home/joma/Projects/trading-bot/node_modules/typeorm/persistence/src/persistence/SubjectExecutor.ts:435:42)\n    at async SubjectExecutor.execute (/home/joma/Projects/trading-bot/node_modules/typeorm/persistence/src/persistence/SubjectExecutor.ts:137:9)\n    at async EntityPersistExecutor.execute (/home/joma/Projects/trading-bot/node_modules/typeorm/persistence/src/persistence/EntityPersistExecutor.ts:182:21)\n    at async BotConfigRepository.save (/home/joma/Projects/trading-bot/src/infrastructure/repositories/trading/trading-config.repo.ts:29:10)\n    at async BotConfigRepository.findByUserId (/home/joma/Projects/trading-bot/src/infrastructure/repositories/trading/trading-config.repo.ts:22:13)\n    at async TradingTelegramUpdate.editConfigCommand (/home/joma/Projects/trading-bot/src/presentation/telegram-bot/trading/index.ts:107:19)\n    at async target (/home/joma/Projects/trading-bot/node_modules/@nestjs/core/helpers/external-context-creator.js:74:28)",
        "query": "INSERT INTO \"trading_bot_config\"(\"id\", \"close_at_price\", \"user_id\") VALUES (NULL, NULL, 989152898)",
        "parameters": [],
        "driverError": {
          "type": "SqliteError",
          "message": "FOREIGN KEY constraint failed",
          "stack": "SqliteError: FOREIGN KEY constraint failed\n    at BetterSqlite3QueryRunner.query (/home/joma/Projects/trading-bot/node_modules/typeorm/driver/src/driver/better-sqlite3/BetterSqlite3QueryRunner.ts:103:38)\n    at process.processTicksAndRejections (node:internal/process/task_queues:95:5)\n    at async InsertQueryBuilder.execute (/home/joma/Projects/trading-bot/node_modules/typeorm/query-builder/src/query-builder/InsertQueryBuilder.ts:163:33)\n    at async SubjectExecutor.executeInsertOperations (/home/joma/Projects/trading-bot/node_modules/typeorm/persistence/src/persistence/SubjectExecutor.ts:435:42)\n    at async SubjectExecutor.execute (/home/joma/Projects/trading-bot/node_modules/typeorm/persistence/src/persistence/SubjectExecutor.ts:137:9)\n    at async EntityPersistExecutor.execute (/home/joma/Projects/trading-bot/node_modules/typeorm/persistence/src/persistence/EntityPersistExecutor.ts:182:21)\n    at async BotConfigRepository.save (/home/joma/Projects/trading-bot/src/infrastructure/repositories/trading/trading-config.repo.ts:29:10)\n    at async BotConfigRepository.findByUserId (/home/joma/Projects/trading-bot/src/infrastructure/repositories/trading/trading-config.repo.ts:22:13)\n    at async TradingTelegramUpdate.editConfigCommand (/home/joma/Projects/trading-bot/src/presentation/telegram-bot/trading/index.ts:107:19)\n    at async target (/home/joma/Projects/trading-bot/node_modules/@nestjs/core/helpers/external-context-creator.js:74:28)",
          "code": "SQLITE_CONSTRAINT_FOREIGNKEY"
        },
        "code": "SQLITE_CONSTRAINT_FOREIGNKEY"
      }
    }
[2024-10-29 21:48:19 +0500] [31mERROR[39m: [36mTelegram bot error[39m
    content: {
      "err": {
        "type": "QueryFailedError",
        "message": "SqliteError: FOREIGN KEY constraint failed",
        "stack": "QueryFailedError: SqliteError: FOREIGN KEY constraint failed\n    at BetterSqlite3QueryRunner.query (/home/joma/Projects/trading-bot/node_modules/typeorm/driver/src/driver/better-sqlite3/BetterSqlite3QueryRunner.ts:131:19)\n    at process.processTicksAndRejections (node:internal/process/task_queues:95:5)\n    at async InsertQueryBuilder.execute (/home/joma/Projects/trading-bot/node_modules/typeorm/query-builder/src/query-builder/InsertQueryBuilder.ts:163:33)\n    at async SubjectExecutor.executeInsertOperations (/home/joma/Projects/trading-bot/node_modules/typeorm/persistence/src/persistence/SubjectExecutor.ts:435:42)\n    at async SubjectExecutor.execute (/home/joma/Projects/trading-bot/node_modules/typeorm/persistence/src/persistence/SubjectExecutor.ts:137:9)\n    at async EntityPersistExecutor.execute (/home/joma/Projects/trading-bot/node_modules/typeorm/persistence/src/persistence/EntityPersistExecutor.ts:182:21)\n    at async BotConfigRepository.save (/home/joma/Projects/trading-bot/src/infrastructure/repositories/trading/trading-config.repo.ts:29:10)\n    at async BotConfigRepository.findByUserId (/home/joma/Projects/trading-bot/src/infrastructure/repositories/trading/trading-config.repo.ts:22:13)\n    at async TradingTelegramUpdate.editConfigCommand (/home/joma/Projects/trading-bot/src/presentation/telegram-bot/trading/index.ts:107:19)\n    at async target (/home/joma/Projects/trading-bot/node_modules/@nestjs/core/helpers/external-context-creator.js:74:28)",
        "query": "INSERT INTO \"trading_bot_config\"(\"id\", \"close_at_price\", \"user_id\") VALUES (NULL, NULL, 989152898)",
        "parameters": [],
        "driverError": {
          "type": "SqliteError",
          "message": "FOREIGN KEY constraint failed",
          "stack": "SqliteError: FOREIGN KEY constraint failed\n    at BetterSqlite3QueryRunner.query (/home/joma/Projects/trading-bot/node_modules/typeorm/driver/src/driver/better-sqlite3/BetterSqlite3QueryRunner.ts:103:38)\n    at process.processTicksAndRejections (node:internal/process/task_queues:95:5)\n    at async InsertQueryBuilder.execute (/home/joma/Projects/trading-bot/node_modules/typeorm/query-builder/src/query-builder/InsertQueryBuilder.ts:163:33)\n    at async SubjectExecutor.executeInsertOperations (/home/joma/Projects/trading-bot/node_modules/typeorm/persistence/src/persistence/SubjectExecutor.ts:435:42)\n    at async SubjectExecutor.execute (/home/joma/Projects/trading-bot/node_modules/typeorm/persistence/src/persistence/SubjectExecutor.ts:137:9)\n    at async EntityPersistExecutor.execute (/home/joma/Projects/trading-bot/node_modules/typeorm/persistence/src/persistence/EntityPersistExecutor.ts:182:21)\n    at async BotConfigRepository.save (/home/joma/Projects/trading-bot/src/infrastructure/repositories/trading/trading-config.repo.ts:29:10)\n    at async BotConfigRepository.findByUserId (/home/joma/Projects/trading-bot/src/infrastructure/repositories/trading/trading-config.repo.ts:22:13)\n    at async TradingTelegramUpdate.editConfigCommand (/home/joma/Projects/trading-bot/src/presentation/telegram-bot/trading/index.ts:107:19)\n    at async target (/home/joma/Projects/trading-bot/node_modules/@nestjs/core/helpers/external-context-creator.js:74:28)",
          "code": "SQLITE_CONSTRAINT_FOREIGNKEY"
        },
        "code": "SQLITE_CONSTRAINT_FOREIGNKEY"
      }
    }
[2024-10-29 22:35:33 +0500] [31mERROR[39m: [36mTelegram bot error[39m
    content: {
      "err": {
        "type": "QueryFailedError",
        "message": "SqliteError: FOREIGN KEY constraint failed",
        "stack": "QueryFailedError: SqliteError: FOREIGN KEY constraint failed\n    at BetterSqlite3QueryRunner.query (/home/joma/Projects/trading-bot/node_modules/typeorm/driver/src/driver/better-sqlite3/BetterSqlite3QueryRunner.ts:131:19)\n    at process.processTicksAndRejections (node:internal/process/task_queues:95:5)\n    at async InsertQueryBuilder.execute (/home/joma/Projects/trading-bot/node_modules/typeorm/query-builder/src/query-builder/InsertQueryBuilder.ts:163:33)\n    at async SubjectExecutor.executeInsertOperations (/home/joma/Projects/trading-bot/node_modules/typeorm/persistence/src/persistence/SubjectExecutor.ts:435:42)\n    at async SubjectExecutor.execute (/home/joma/Projects/trading-bot/node_modules/typeorm/persistence/src/persistence/SubjectExecutor.ts:137:9)\n    at async EntityPersistExecutor.execute (/home/joma/Projects/trading-bot/node_modules/typeorm/persistence/src/persistence/EntityPersistExecutor.ts:182:21)\n    at async BotConfigRepository.save (/home/joma/Projects/trading-bot/src/infrastructure/repositories/trading/trading-config.repo.ts:29:10)\n    at async BotConfigRepository.findByUserId (/home/joma/Projects/trading-bot/src/infrastructure/repositories/trading/trading-config.repo.ts:22:13)\n    at async TradingTelegramUpdate.editConfigCommand (/home/joma/Projects/trading-bot/src/presentation/telegram-bot/updates/trading-update.ts:95:19)\n    at async target (/home/joma/Projects/trading-bot/node_modules/@nestjs/core/helpers/external-context-creator.js:74:28)",
        "query": "INSERT INTO \"trading_bot_config\"(\"id\", \"close_at_price\", \"user_id\") VALUES (NULL, NULL, 989152898)",
        "parameters": [],
        "driverError": {
          "type": "SqliteError",
          "message": "FOREIGN KEY constraint failed",
          "stack": "SqliteError: FOREIGN KEY constraint failed\n    at BetterSqlite3QueryRunner.query (/home/joma/Projects/trading-bot/node_modules/typeorm/driver/src/driver/better-sqlite3/BetterSqlite3QueryRunner.ts:103:38)\n    at process.processTicksAndRejections (node:internal/process/task_queues:95:5)\n    at async InsertQueryBuilder.execute (/home/joma/Projects/trading-bot/node_modules/typeorm/query-builder/src/query-builder/InsertQueryBuilder.ts:163:33)\n    at async SubjectExecutor.executeInsertOperations (/home/joma/Projects/trading-bot/node_modules/typeorm/persistence/src/persistence/SubjectExecutor.ts:435:42)\n    at async SubjectExecutor.execute (/home/joma/Projects/trading-bot/node_modules/typeorm/persistence/src/persistence/SubjectExecutor.ts:137:9)\n    at async EntityPersistExecutor.execute (/home/joma/Projects/trading-bot/node_modules/typeorm/persistence/src/persistence/EntityPersistExecutor.ts:182:21)\n    at async BotConfigRepository.save (/home/joma/Projects/trading-bot/src/infrastructure/repositories/trading/trading-config.repo.ts:29:10)\n    at async BotConfigRepository.findByUserId (/home/joma/Projects/trading-bot/src/infrastructure/repositories/trading/trading-config.repo.ts:22:13)\n    at async TradingTelegramUpdate.editConfigCommand (/home/joma/Projects/trading-bot/src/presentation/telegram-bot/updates/trading-update.ts:95:19)\n    at async target (/home/joma/Projects/trading-bot/node_modules/@nestjs/core/helpers/external-context-creator.js:74:28)",
          "code": "SQLITE_CONSTRAINT_FOREIGNKEY"
        },
        "code": "SQLITE_CONSTRAINT_FOREIGNKEY"
      }
    }
[2024-10-29 22:36:36 +0500] [31mERROR[39m: [36mTelegram bot error[39m
    content: {
      "err": {
        "type": "QueryFailedError",
        "message": "SqliteError: FOREIGN KEY constraint failed",
        "stack": "QueryFailedError: SqliteError: FOREIGN KEY constraint failed\n    at BetterSqlite3QueryRunner.query (/home/joma/Projects/trading-bot/node_modules/typeorm/driver/src/driver/better-sqlite3/BetterSqlite3QueryRunner.ts:131:19)\n    at process.processTicksAndRejections (node:internal/process/task_queues:95:5)\n    at async InsertQueryBuilder.execute (/home/joma/Projects/trading-bot/node_modules/typeorm/query-builder/src/query-builder/InsertQueryBuilder.ts:163:33)\n    at async SubjectExecutor.executeInsertOperations (/home/joma/Projects/trading-bot/node_modules/typeorm/persistence/src/persistence/SubjectExecutor.ts:435:42)\n    at async SubjectExecutor.execute (/home/joma/Projects/trading-bot/node_modules/typeorm/persistence/src/persistence/SubjectExecutor.ts:137:9)\n    at async EntityPersistExecutor.execute (/home/joma/Projects/trading-bot/node_modules/typeorm/persistence/src/persistence/EntityPersistExecutor.ts:182:21)\n    at async BotConfigRepository.save (/home/joma/Projects/trading-bot/src/infrastructure/repositories/trading/trading-config.repo.ts:29:10)\n    at async BotConfigRepository.findByUserId (/home/joma/Projects/trading-bot/src/infrastructure/repositories/trading/trading-config.repo.ts:22:13)\n    at async TradingTelegramUpdate.editConfigCommand (/home/joma/Projects/trading-bot/src/presentation/telegram-bot/updates/trading-update.ts:95:19)\n    at async target (/home/joma/Projects/trading-bot/node_modules/@nestjs/core/helpers/external-context-creator.js:74:28)",
        "query": "INSERT INTO \"trading_bot_config\"(\"id\", \"close_at_price\", \"user_id\") VALUES (NULL, NULL, 989152898)",
        "parameters": [],
        "driverError": {
          "type": "SqliteError",
          "message": "FOREIGN KEY constraint failed",
          "stack": "SqliteError: FOREIGN KEY constraint failed\n    at BetterSqlite3QueryRunner.query (/home/joma/Projects/trading-bot/node_modules/typeorm/driver/src/driver/better-sqlite3/BetterSqlite3QueryRunner.ts:103:38)\n    at process.processTicksAndRejections (node:internal/process/task_queues:95:5)\n    at async InsertQueryBuilder.execute (/home/joma/Projects/trading-bot/node_modules/typeorm/query-builder/src/query-builder/InsertQueryBuilder.ts:163:33)\n    at async SubjectExecutor.executeInsertOperations (/home/joma/Projects/trading-bot/node_modules/typeorm/persistence/src/persistence/SubjectExecutor.ts:435:42)\n    at async SubjectExecutor.execute (/home/joma/Projects/trading-bot/node_modules/typeorm/persistence/src/persistence/SubjectExecutor.ts:137:9)\n    at async EntityPersistExecutor.execute (/home/joma/Projects/trading-bot/node_modules/typeorm/persistence/src/persistence/EntityPersistExecutor.ts:182:21)\n    at async BotConfigRepository.save (/home/joma/Projects/trading-bot/src/infrastructure/repositories/trading/trading-config.repo.ts:29:10)\n    at async BotConfigRepository.findByUserId (/home/joma/Projects/trading-bot/src/infrastructure/repositories/trading/trading-config.repo.ts:22:13)\n    at async TradingTelegramUpdate.editConfigCommand (/home/joma/Projects/trading-bot/src/presentation/telegram-bot/updates/trading-update.ts:95:19)\n    at async target (/home/joma/Projects/trading-bot/node_modules/@nestjs/core/helpers/external-context-creator.js:74:28)",
          "code": "SQLITE_CONSTRAINT_FOREIGNKEY"
        },
        "code": "SQLITE_CONSTRAINT_FOREIGNKEY"
      }
    }
[2024-10-29 22:38:03 +0500] [31mERROR[39m: [36mTelegram bot error[39m
    content: {
      "err": {
        "type": "QueryFailedError",
        "message": "SqliteError: FOREIGN KEY constraint failed",
        "stack": "QueryFailedError: SqliteError: FOREIGN KEY constraint failed\n    at BetterSqlite3QueryRunner.query (/home/joma/Projects/trading-bot/node_modules/typeorm/driver/src/driver/better-sqlite3/BetterSqlite3QueryRunner.ts:131:19)\n    at process.processTicksAndRejections (node:internal/process/task_queues:95:5)\n    at async InsertQueryBuilder.execute (/home/joma/Projects/trading-bot/node_modules/typeorm/query-builder/src/query-builder/InsertQueryBuilder.ts:163:33)\n    at async SubjectExecutor.executeInsertOperations (/home/joma/Projects/trading-bot/node_modules/typeorm/persistence/src/persistence/SubjectExecutor.ts:435:42)\n    at async SubjectExecutor.execute (/home/joma/Projects/trading-bot/node_modules/typeorm/persistence/src/persistence/SubjectExecutor.ts:137:9)\n    at async EntityPersistExecutor.execute (/home/joma/Projects/trading-bot/node_modules/typeorm/persistence/src/persistence/EntityPersistExecutor.ts:182:21)\n    at async BotConfigRepository.save (/home/joma/Projects/trading-bot/src/infrastructure/repositories/trading/trading-config.repo.ts:29:10)\n    at async BotConfigRepository.findByUserId (/home/joma/Projects/trading-bot/src/infrastructure/repositories/trading/trading-config.repo.ts:22:13)\n    at async TradingTelegramUpdate.editConfigCommand (/home/joma/Projects/trading-bot/src/presentation/telegram-bot/updates/trading-update.ts:95:19)\n    at async target (/home/joma/Projects/trading-bot/node_modules/@nestjs/core/helpers/external-context-creator.js:74:28)",
        "query": "INSERT INTO \"trading_bot_config\"(\"id\", \"close_at_price\", \"user_id\") VALUES (NULL, NULL, 989152898)",
        "parameters": [],
        "driverError": {
          "type": "SqliteError",
          "message": "FOREIGN KEY constraint failed",
          "stack": "SqliteError: FOREIGN KEY constraint failed\n    at BetterSqlite3QueryRunner.query (/home/joma/Projects/trading-bot/node_modules/typeorm/driver/src/driver/better-sqlite3/BetterSqlite3QueryRunner.ts:103:38)\n    at process.processTicksAndRejections (node:internal/process/task_queues:95:5)\n    at async InsertQueryBuilder.execute (/home/joma/Projects/trading-bot/node_modules/typeorm/query-builder/src/query-builder/InsertQueryBuilder.ts:163:33)\n    at async SubjectExecutor.executeInsertOperations (/home/joma/Projects/trading-bot/node_modules/typeorm/persistence/src/persistence/SubjectExecutor.ts:435:42)\n    at async SubjectExecutor.execute (/home/joma/Projects/trading-bot/node_modules/typeorm/persistence/src/persistence/SubjectExecutor.ts:137:9)\n    at async EntityPersistExecutor.execute (/home/joma/Projects/trading-bot/node_modules/typeorm/persistence/src/persistence/EntityPersistExecutor.ts:182:21)\n    at async BotConfigRepository.save (/home/joma/Projects/trading-bot/src/infrastructure/repositories/trading/trading-config.repo.ts:29:10)\n    at async BotConfigRepository.findByUserId (/home/joma/Projects/trading-bot/src/infrastructure/repositories/trading/trading-config.repo.ts:22:13)\n    at async TradingTelegramUpdate.editConfigCommand (/home/joma/Projects/trading-bot/src/presentation/telegram-bot/updates/trading-update.ts:95:19)\n    at async target (/home/joma/Projects/trading-bot/node_modules/@nestjs/core/helpers/external-context-creator.js:74:28)",
          "code": "SQLITE_CONSTRAINT_FOREIGNKEY"
        },
        "code": "SQLITE_CONSTRAINT_FOREIGNKEY"
      }
    }
[2024-10-29 22:38:20 +0500] [31mERROR[39m: [36mTelegram bot error[39m
    content: {
      "err": {
        "type": "QueryFailedError",
        "message": "SqliteError: FOREIGN KEY constraint failed",
        "stack": "QueryFailedError: SqliteError: FOREIGN KEY constraint failed\n    at BetterSqlite3QueryRunner.query (/home/joma/Projects/trading-bot/node_modules/typeorm/driver/src/driver/better-sqlite3/BetterSqlite3QueryRunner.ts:131:19)\n    at process.processTicksAndRejections (node:internal/process/task_queues:95:5)\n    at async InsertQueryBuilder.execute (/home/joma/Projects/trading-bot/node_modules/typeorm/query-builder/src/query-builder/InsertQueryBuilder.ts:163:33)\n    at async SubjectExecutor.executeInsertOperations (/home/joma/Projects/trading-bot/node_modules/typeorm/persistence/src/persistence/SubjectExecutor.ts:435:42)\n    at async SubjectExecutor.execute (/home/joma/Projects/trading-bot/node_modules/typeorm/persistence/src/persistence/SubjectExecutor.ts:137:9)\n    at async EntityPersistExecutor.execute (/home/joma/Projects/trading-bot/node_modules/typeorm/persistence/src/persistence/EntityPersistExecutor.ts:182:21)\n    at async BotConfigRepository.save (/home/joma/Projects/trading-bot/src/infrastructure/repositories/trading/trading-config.repo.ts:29:10)\n    at async BotConfigRepository.findByUserId (/home/joma/Projects/trading-bot/src/infrastructure/repositories/trading/trading-config.repo.ts:22:13)\n    at async TradingTelegramUpdate.editConfigCommand (/home/joma/Projects/trading-bot/src/presentation/telegram-bot/updates/trading-update.ts:95:19)\n    at async target (/home/joma/Projects/trading-bot/node_modules/@nestjs/core/helpers/external-context-creator.js:74:28)",
        "query": "INSERT INTO \"trading_bot_config\"(\"id\", \"close_at_price\", \"user_id\") VALUES (NULL, NULL, 989152898)",
        "parameters": [],
        "driverError": {
          "type": "SqliteError",
          "message": "FOREIGN KEY constraint failed",
          "stack": "SqliteError: FOREIGN KEY constraint failed\n    at BetterSqlite3QueryRunner.query (/home/joma/Projects/trading-bot/node_modules/typeorm/driver/src/driver/better-sqlite3/BetterSqlite3QueryRunner.ts:103:38)\n    at process.processTicksAndRejections (node:internal/process/task_queues:95:5)\n    at async InsertQueryBuilder.execute (/home/joma/Projects/trading-bot/node_modules/typeorm/query-builder/src/query-builder/InsertQueryBuilder.ts:163:33)\n    at async SubjectExecutor.executeInsertOperations (/home/joma/Projects/trading-bot/node_modules/typeorm/persistence/src/persistence/SubjectExecutor.ts:435:42)\n    at async SubjectExecutor.execute (/home/joma/Projects/trading-bot/node_modules/typeorm/persistence/src/persistence/SubjectExecutor.ts:137:9)\n    at async EntityPersistExecutor.execute (/home/joma/Projects/trading-bot/node_modules/typeorm/persistence/src/persistence/EntityPersistExecutor.ts:182:21)\n    at async BotConfigRepository.save (/home/joma/Projects/trading-bot/src/infrastructure/repositories/trading/trading-config.repo.ts:29:10)\n    at async BotConfigRepository.findByUserId (/home/joma/Projects/trading-bot/src/infrastructure/repositories/trading/trading-config.repo.ts:22:13)\n    at async TradingTelegramUpdate.editConfigCommand (/home/joma/Projects/trading-bot/src/presentation/telegram-bot/updates/trading-update.ts:95:19)\n    at async target (/home/joma/Projects/trading-bot/node_modules/@nestjs/core/helpers/external-context-creator.js:74:28)",
          "code": "SQLITE_CONSTRAINT_FOREIGNKEY"
        },
        "code": "SQLITE_CONSTRAINT_FOREIGNKEY"
      }
    }
[2024-10-29 22:39:17 +0500] [31mERROR[39m: [36mTelegram bot error[39m
    content: {
      "err": {
        "type": "QueryFailedError",
        "message": "SqliteError: FOREIGN KEY constraint failed",
        "stack": "QueryFailedError: SqliteError: FOREIGN KEY constraint failed\n    at BetterSqlite3QueryRunner.query (/home/joma/Projects/trading-bot/node_modules/typeorm/driver/src/driver/better-sqlite3/BetterSqlite3QueryRunner.ts:131:19)\n    at process.processTicksAndRejections (node:internal/process/task_queues:95:5)\n    at async InsertQueryBuilder.execute (/home/joma/Projects/trading-bot/node_modules/typeorm/query-builder/src/query-builder/InsertQueryBuilder.ts:163:33)\n    at async SubjectExecutor.executeInsertOperations (/home/joma/Projects/trading-bot/node_modules/typeorm/persistence/src/persistence/SubjectExecutor.ts:435:42)\n    at async SubjectExecutor.execute (/home/joma/Projects/trading-bot/node_modules/typeorm/persistence/src/persistence/SubjectExecutor.ts:137:9)\n    at async EntityPersistExecutor.execute (/home/joma/Projects/trading-bot/node_modules/typeorm/persistence/src/persistence/EntityPersistExecutor.ts:182:21)\n    at async BotConfigRepository.save (/home/joma/Projects/trading-bot/src/infrastructure/repositories/trading/trading-config.repo.ts:29:10)\n    at async BotConfigRepository.findByUserId (/home/joma/Projects/trading-bot/src/infrastructure/repositories/trading/trading-config.repo.ts:22:13)\n    at async TradingTelegramUpdate.editConfigCommand (/home/joma/Projects/trading-bot/src/presentation/telegram-bot/updates/trading-update.ts:95:19)\n    at async target (/home/joma/Projects/trading-bot/node_modules/@nestjs/core/helpers/external-context-creator.js:74:28)",
        "query": "INSERT INTO \"trading_bot_config\"(\"id\", \"close_at_price\", \"user_id\") VALUES (NULL, NULL, 989152898)",
        "parameters": [],
        "driverError": {
          "type": "SqliteError",
          "message": "FOREIGN KEY constraint failed",
          "stack": "SqliteError: FOREIGN KEY constraint failed\n    at BetterSqlite3QueryRunner.query (/home/joma/Projects/trading-bot/node_modules/typeorm/driver/src/driver/better-sqlite3/BetterSqlite3QueryRunner.ts:103:38)\n    at process.processTicksAndRejections (node:internal/process/task_queues:95:5)\n    at async InsertQueryBuilder.execute (/home/joma/Projects/trading-bot/node_modules/typeorm/query-builder/src/query-builder/InsertQueryBuilder.ts:163:33)\n    at async SubjectExecutor.executeInsertOperations (/home/joma/Projects/trading-bot/node_modules/typeorm/persistence/src/persistence/SubjectExecutor.ts:435:42)\n    at async SubjectExecutor.execute (/home/joma/Projects/trading-bot/node_modules/typeorm/persistence/src/persistence/SubjectExecutor.ts:137:9)\n    at async EntityPersistExecutor.execute (/home/joma/Projects/trading-bot/node_modules/typeorm/persistence/src/persistence/EntityPersistExecutor.ts:182:21)\n    at async BotConfigRepository.save (/home/joma/Projects/trading-bot/src/infrastructure/repositories/trading/trading-config.repo.ts:29:10)\n    at async BotConfigRepository.findByUserId (/home/joma/Projects/trading-bot/src/infrastructure/repositories/trading/trading-config.repo.ts:22:13)\n    at async TradingTelegramUpdate.editConfigCommand (/home/joma/Projects/trading-bot/src/presentation/telegram-bot/updates/trading-update.ts:95:19)\n    at async target (/home/joma/Projects/trading-bot/node_modules/@nestjs/core/helpers/external-context-creator.js:74:28)",
          "code": "SQLITE_CONSTRAINT_FOREIGNKEY"
        },
        "code": "SQLITE_CONSTRAINT_FOREIGNKEY"
      }
    }
[2024-10-29 23:56:34 +0500] [31mERROR[39m: [36mTelegram bot error[39m
    content: {
      "err": {
        "type": "TypeError",
        "message": "Cannot read properties of undefined (reading 'enter')",
        "stack": "TypeError: Cannot read properties of undefined (reading 'enter')\n    at TradingTelegramUpdate.editConfigCommand (/home/joma/Projects/trading-bot/src/presentation/telegram-bot/updates/trading-update.ts:154:19)\n    at /home/joma/Projects/trading-bot/node_modules/@nestjs/core/helpers/external-context-creator.js:67:33\n    at process.processTicksAndRejections (node:internal/process/task_queues:95:5)\n    at async target (/home/joma/Projects/trading-bot/node_modules/@nestjs/core/helpers/external-context-creator.js:74:28)\n    at async /home/joma/Projects/trading-bot/node_modules/@nestjs/core/helpers/external-proxy.js:9:24\n    at async /home/joma/Projects/trading-bot/node_modules/nestjs-telegraf/dist/services/listeners-explorer.service.js:161:32\n    at async execute (/home/joma/Projects/trading-bot/node_modules/telegraf/lib/composer.js:518:17)\n    at async /home/joma/Projects/trading-bot/node_modules/telegraf/lib/composer.js:519:21\n    at async execute (/home/joma/Projects/trading-bot/node_modules/telegraf/lib/composer.js:518:17)\n    at async /home/joma/Projects/trading-bot/node_modules/telegraf/lib/composer.js:519:21"
      }
    }
[2024-10-29 23:59:12 +0500] [31mERROR[39m: [36mTelegram bot error[39m
    content: {
      "err": {
        "type": "TypeError",
        "message": "Cannot read properties of undefined (reading 'enter')",
        "stack": "TypeError: Cannot read properties of undefined (reading 'enter')\n    at TradingTelegramUpdate.editConfigCommand (/home/joma/Projects/trading-bot/src/presentation/telegram-bot/updates/trading-update.ts:154:19)\n    at /home/joma/Projects/trading-bot/node_modules/@nestjs/core/helpers/external-context-creator.js:67:33\n    at process.processTicksAndRejections (node:internal/process/task_queues:95:5)\n    at async target (/home/joma/Projects/trading-bot/node_modules/@nestjs/core/helpers/external-context-creator.js:74:28)\n    at async /home/joma/Projects/trading-bot/node_modules/@nestjs/core/helpers/external-proxy.js:9:24\n    at async /home/joma/Projects/trading-bot/node_modules/nestjs-telegraf/dist/services/listeners-explorer.service.js:161:32\n    at async execute (/home/joma/Projects/trading-bot/node_modules/telegraf/lib/composer.js:518:17)\n    at async /home/joma/Projects/trading-bot/node_modules/telegraf/lib/composer.js:519:21\n    at async execute (/home/joma/Projects/trading-bot/node_modules/telegraf/lib/composer.js:518:17)\n    at async /home/joma/Projects/trading-bot/node_modules/telegraf/lib/composer.js:519:21"
      }
    }
[2024-10-30 00:50:17 +0500] [31mERROR[39m: [36mTelegram bot error[39m
    content: {
      "err": {
        "type": "Error",
        "message": "Can't find scene: EDIT_CONFIG_WIZARD",
        "stack": "Error: Can't find scene: EDIT_CONFIG_WIZARD\n    at SceneContextScene.enter (/home/joma/Projects/trading-bot/node_modules/telegraf/lib/scenes/context.js:57:19)\n    at TradingTelegramUpdate.editConfigCommand (/home/joma/Projects/trading-bot/src/presentation/telegram-bot/updates/trading-update.ts:160:19)\n    at /home/joma/Projects/trading-bot/node_modules/@nestjs/core/helpers/external-context-creator.js:67:33\n    at process.processTicksAndRejections (node:internal/process/task_queues:95:5)\n    at async target (/home/joma/Projects/trading-bot/node_modules/@nestjs/core/helpers/external-context-creator.js:74:28)\n    at async /home/joma/Projects/trading-bot/node_modules/@nestjs/core/helpers/external-proxy.js:9:24\n    at async /home/joma/Projects/trading-bot/node_modules/nestjs-telegraf/dist/services/listeners-explorer.service.js:161:32\n    at async execute (/home/joma/Projects/trading-bot/node_modules/telegraf/lib/composer.js:518:17)\n    at async /home/joma/Projects/trading-bot/node_modules/telegraf/lib/composer.js:519:21\n    at async execute (/home/joma/Projects/trading-bot/node_modules/telegraf/lib/composer.js:518:17)"
      }
    }
[2024-10-30 01:33:20 +0500] [31mERROR[39m: [36mTelegram bot error[39m
    content: {
      "err": {
        "type": "TypeError",
        "message": "Cannot read properties of undefined (reading 'enter')",
        "stack": "TypeError: Cannot read properties of undefined (reading 'enter')\n    at TradingTelegramUpdate.editConfigCommand (/home/joma/Projects/trading-bot/src/presentation/telegram-bot/updates/trading-update.ts:109:19)\n    at /home/joma/Projects/trading-bot/node_modules/@nestjs/core/helpers/external-context-creator.js:67:33\n    at process.processTicksAndRejections (node:internal/process/task_queues:95:5)\n    at async target (/home/joma/Projects/trading-bot/node_modules/@nestjs/core/helpers/external-context-creator.js:74:28)\n    at async /home/joma/Projects/trading-bot/node_modules/@nestjs/core/helpers/external-proxy.js:9:24\n    at async /home/joma/Projects/trading-bot/node_modules/nestjs-telegraf/dist/services/listeners-explorer.service.js:161:32\n    at async execute (/home/joma/Projects/trading-bot/node_modules/telegraf/lib/composer.js:518:17)\n    at async /home/joma/Projects/trading-bot/node_modules/telegraf/lib/composer.js:519:21\n    at async execute (/home/joma/Projects/trading-bot/node_modules/telegraf/lib/composer.js:518:17)\n    at async /home/joma/Projects/trading-bot/node_modules/telegraf/lib/composer.js:519:21"
      }
    }
[2024-10-30 01:33:50 +0500] [31mERROR[39m: [36mTelegram bot error[39m
    content: {
      "err": {
        "type": "TypeError",
        "message": "Cannot read properties of undefined (reading 'next')",
        "stack": "TypeError: Cannot read properties of undefined (reading 'next')\n    at EditConfigWizard.onSceneEnter (/home/joma/Projects/trading-bot/src/presentation/telegram-bot/updates/trading-update.ts:148:20)\n    at process.processTicksAndRejections (node:internal/process/task_queues:95:5)\n    at async target (/home/joma/Projects/trading-bot/node_modules/@nestjs/core/helpers/external-context-creator.js:74:28)\n    at async /home/joma/Projects/trading-bot/node_modules/@nestjs/core/helpers/external-proxy.js:9:24\n    at async /home/joma/Projects/trading-bot/node_modules/nestjs-telegraf/dist/services/listeners-explorer.service.js:161:32\n    at async execute (/home/joma/Projects/trading-bot/node_modules/telegraf/lib/composer.js:518:17)\n    at async /home/joma/Projects/trading-bot/node_modules/telegraf/lib/composer.js:519:21\n    at async execute (/home/joma/Projects/trading-bot/node_modules/telegraf/lib/composer.js:518:17)\n    at async execute (/home/joma/Projects/trading-bot/node_modules/telegraf/lib/composer.js:518:17)\n    at async SceneContextScene.enter (/home/joma/Projects/trading-bot/node_modules/telegraf/lib/scenes/context.js:76:16)"
      }
    }
[2024-10-30 01:42:18 +0500] [31mERROR[39m: [36mTelegram bot error[39m
    content: {
      "err": {
        "type": "TypeError",
        "message": "Cannot read properties of undefined (reading 'data')",
        "stack": "TypeError: Cannot read properties of undefined (reading 'data')\n    at EditConfigWizard.onEditFieldSelect (/home/joma/Projects/trading-bot/src/presentation/telegram-bot/updates/trading-update.ts:155:31)\n    at /home/joma/Projects/trading-bot/node_modules/@nestjs/core/helpers/external-context-creator.js:67:33\n    at process.processTicksAndRejections (node:internal/process/task_queues:95:5)\n    at async target (/home/joma/Projects/trading-bot/node_modules/@nestjs/core/helpers/external-context-creator.js:74:28)\n    at async /home/joma/Projects/trading-bot/node_modules/@nestjs/core/helpers/external-proxy.js:9:24\n    at async /home/joma/Projects/trading-bot/node_modules/nestjs-telegraf/dist/services/listeners-explorer.service.js:161:32\n    at async execute (/home/joma/Projects/trading-bot/node_modules/telegraf/lib/composer.js:518:17)\n    at async /home/joma/Projects/trading-bot/node_modules/telegraf/lib/composer.js:519:21\n    at async execute (/home/joma/Projects/trading-bot/node_modules/telegraf/lib/composer.js:518:17)\n    at async execute (/home/joma/Projects/trading-bot/node_modules/telegraf/lib/composer.js:518:17)"
      }
    }
[2024-10-30 01:47:57 +0500] [31mERROR[39m: [36mTelegram bot error[39m
    content: {
      "err": {
        "type": "TypeError",
        "message": "Cannot read properties of undefined (reading 'next')",
        "stack": "TypeError: Cannot read properties of undefined (reading 'next')\n    at EditConfigWizard.onSceneEnter (/home/joma/Projects/trading-bot/src/presentation/telegram-bot/updates/trading-update.ts:148:26)\n    at process.processTicksAndRejections (node:internal/process/task_queues:95:5)\n    at async target (/home/joma/Projects/trading-bot/node_modules/@nestjs/core/helpers/external-context-creator.js:74:28)\n    at async /home/joma/Projects/trading-bot/node_modules/@nestjs/core/helpers/external-proxy.js:9:24\n    at async /home/joma/Projects/trading-bot/node_modules/nestjs-telegraf/dist/services/listeners-explorer.service.js:161:32\n    at async execute (/home/joma/Projects/trading-bot/node_modules/telegraf/lib/composer.js:518:17)\n    at async /home/joma/Projects/trading-bot/node_modules/telegraf/lib/composer.js:519:21\n    at async execute (/home/joma/Projects/trading-bot/node_modules/telegraf/lib/composer.js:518:17)\n    at async execute (/home/joma/Projects/trading-bot/node_modules/telegraf/lib/composer.js:518:17)\n    at async SceneContextScene.enter (/home/joma/Projects/trading-bot/node_modules/telegraf/lib/scenes/context.js:76:16)"
      }
    }
[2024-10-30 01:56:50 +0500] [31mERROR[39m: [36mTelegram bot error[39m
    content: {
      "err": {
        "type": "TypeError",
        "message": "Cannot read properties of undefined (reading 'id')",
        "stack": "TypeError: Cannot read properties of undefined (reading 'id')\n    at EditConfigWizard.onNewValueReceived (/home/joma/Projects/trading-bot/src/presentation/telegram-bot/updates/trading-update.ts:179:66)\n    at /home/joma/Projects/trading-bot/node_modules/@nestjs/core/helpers/external-context-creator.js:67:33\n    at process.processTicksAndRejections (node:internal/process/task_queues:95:5)\n    at async target (/home/joma/Projects/trading-bot/node_modules/@nestjs/core/helpers/external-context-creator.js:74:28)\n    at async /home/joma/Projects/trading-bot/node_modules/@nestjs/core/helpers/external-proxy.js:9:24\n    at async /home/joma/Projects/trading-bot/node_modules/nestjs-telegraf/dist/services/listeners-explorer.service.js:161:32\n    at async execute (/home/joma/Projects/trading-bot/node_modules/telegraf/lib/composer.js:518:17)\n    at async /home/joma/Projects/trading-bot/node_modules/telegraf/lib/composer.js:519:21\n    at async execute (/home/joma/Projects/trading-bot/node_modules/telegraf/lib/composer.js:518:17)\n    at async execute (/home/joma/Projects/trading-bot/node_modules/telegraf/lib/composer.js:518:17)"
      }
    }
[2024-10-30 01:57:45 +0500] [31mERROR[39m: [36mTelegram bot error[39m
    content: {
      "err": {
        "type": "TypeError",
        "message": "Cannot read properties of undefined (reading 'id')",
        "stack": "TypeError: Cannot read properties of undefined (reading 'id')\n    at EditConfigWizard.onNewValueReceived (/home/joma/Projects/trading-bot/src/presentation/telegram-bot/updates/trading-update.ts:179:66)\n    at /home/joma/Projects/trading-bot/node_modules/@nestjs/core/helpers/external-context-creator.js:67:33\n    at process.processTicksAndRejections (node:internal/process/task_queues:95:5)\n    at async target (/home/joma/Projects/trading-bot/node_modules/@nestjs/core/helpers/external-context-creator.js:74:28)\n    at async /home/joma/Projects/trading-bot/node_modules/@nestjs/core/helpers/external-proxy.js:9:24\n    at async /home/joma/Projects/trading-bot/node_modules/nestjs-telegraf/dist/services/listeners-explorer.service.js:161:32\n    at async execute (/home/joma/Projects/trading-bot/node_modules/telegraf/lib/composer.js:518:17)\n    at async /home/joma/Projects/trading-bot/node_modules/telegraf/lib/composer.js:519:21\n    at async execute (/home/joma/Projects/trading-bot/node_modules/telegraf/lib/composer.js:518:17)\n    at async execute (/home/joma/Projects/trading-bot/node_modules/telegraf/lib/composer.js:518:17)"
      }
    }
[2024-10-30 02:00:31 +0500] [31mERROR[39m: [36mTelegram bot error[39m
    content: {
      "err": {
        "type": "TypeError",
        "message": "Cannot read properties of undefined (reading 'id')",
        "stack": "TypeError: Cannot read properties of undefined (reading 'id')\n    at EditConfigWizard.onSceneEnter (/home/joma/Projects/trading-bot/src/presentation/telegram-bot/updates/trading-update.ts:140:17)\n    at /home/joma/Projects/trading-bot/node_modules/@nestjs/core/helpers/external-context-creator.js:67:33\n    at process.processTicksAndRejections (node:internal/process/task_queues:95:5)\n    at async target (/home/joma/Projects/trading-bot/node_modules/@nestjs/core/helpers/external-context-creator.js:74:28)\n    at async /home/joma/Projects/trading-bot/node_modules/@nestjs/core/helpers/external-proxy.js:9:24\n    at async /home/joma/Projects/trading-bot/node_modules/nestjs-telegraf/dist/services/listeners-explorer.service.js:161:32\n    at async execute (/home/joma/Projects/trading-bot/node_modules/telegraf/lib/composer.js:518:17)\n    at async /home/joma/Projects/trading-bot/node_modules/telegraf/lib/composer.js:519:21\n    at async execute (/home/joma/Projects/trading-bot/node_modules/telegraf/lib/composer.js:518:17)\n    at async execute (/home/joma/Projects/trading-bot/node_modules/telegraf/lib/composer.js:518:17)"
      }
    }
[2024-10-30 02:04:42 +0500] [31mERROR[39m: [36mTelegram bot error[39m
    content: {
      "err": {
        "type": "TypeError",
        "message": "Cannot read properties of undefined (reading 'id')",
        "stack": "TypeError: Cannot read properties of undefined (reading 'id')\n    at EditConfigWizard.onSceneEnter (/home/joma/Projects/trading-bot/src/presentation/telegram-bot/updates/trading-update.ts:140:17)\n    at /home/joma/Projects/trading-bot/node_modules/@nestjs/core/helpers/external-context-creator.js:67:33\n    at process.processTicksAndRejections (node:internal/process/task_queues:95:5)\n    at async target (/home/joma/Projects/trading-bot/node_modules/@nestjs/core/helpers/external-context-creator.js:74:28)\n    at async /home/joma/Projects/trading-bot/node_modules/@nestjs/core/helpers/external-proxy.js:9:24\n    at async /home/joma/Projects/trading-bot/node_modules/nestjs-telegraf/dist/services/listeners-explorer.service.js:161:32\n    at async execute (/home/joma/Projects/trading-bot/node_modules/telegraf/lib/composer.js:518:17)\n    at async /home/joma/Projects/trading-bot/node_modules/telegraf/lib/composer.js:519:21\n    at async execute (/home/joma/Projects/trading-bot/node_modules/telegraf/lib/composer.js:518:17)\n    at async execute (/home/joma/Projects/trading-bot/node_modules/telegraf/lib/composer.js:518:17)"
      }
    }
[2024-10-30 02:05:25 +0500] [31mERROR[39m: [36mTelegram bot error[39m
    content: {
      "err": {
        "type": "TypeError",
        "message": "Cannot read properties of undefined (reading 'id')",
        "stack": "TypeError: Cannot read properties of undefined (reading 'id')\n    at EditConfigWizard.onSceneEnter (/home/joma/Projects/trading-bot/src/presentation/telegram-bot/updates/trading-update.ts:140:17)\n    at /home/joma/Projects/trading-bot/node_modules/@nestjs/core/helpers/external-context-creator.js:67:33\n    at process.processTicksAndRejections (node:internal/process/task_queues:95:5)\n    at async target (/home/joma/Projects/trading-bot/node_modules/@nestjs/core/helpers/external-context-creator.js:74:28)\n    at async /home/joma/Projects/trading-bot/node_modules/@nestjs/core/helpers/external-proxy.js:9:24\n    at async /home/joma/Projects/trading-bot/node_modules/nestjs-telegraf/dist/services/listeners-explorer.service.js:161:32\n    at async execute (/home/joma/Projects/trading-bot/node_modules/telegraf/lib/composer.js:518:17)\n    at async /home/joma/Projects/trading-bot/node_modules/telegraf/lib/composer.js:519:21\n    at async execute (/home/joma/Projects/trading-bot/node_modules/telegraf/lib/composer.js:518:17)\n    at async execute (/home/joma/Projects/trading-bot/node_modules/telegraf/lib/composer.js:518:17)"
      }
    }
[2024-10-30 02:07:04 +0500] [31mERROR[39m: [36mTelegram bot error[39m
    content: {
      "err": {
        "type": "TypeError",
        "message": "Cannot read properties of undefined (reading 'id')",
        "stack": "TypeError: Cannot read properties of undefined (reading 'id')\n    at EditConfigWizard.onWizardSceneEnter (/home/joma/Projects/trading-bot/src/presentation/telegram-bot/updates/trading-update.ts:145:66)\n    at /home/joma/Projects/trading-bot/node_modules/@nestjs/core/helpers/external-context-creator.js:67:33\n    at process.processTicksAndRejections (node:internal/process/task_queues:95:5)\n    at async target (/home/joma/Projects/trading-bot/node_modules/@nestjs/core/helpers/external-context-creator.js:74:28)\n    at async /home/joma/Projects/trading-bot/node_modules/@nestjs/core/helpers/external-proxy.js:9:24\n    at async /home/joma/Projects/trading-bot/node_modules/nestjs-telegraf/dist/services/listeners-explorer.service.js:161:32\n    at async execute (/home/joma/Projects/trading-bot/node_modules/telegraf/lib/composer.js:518:17)\n    at async /home/joma/Projects/trading-bot/node_modules/telegraf/lib/composer.js:519:21\n    at async execute (/home/joma/Projects/trading-bot/node_modules/telegraf/lib/composer.js:518:17)\n    at async execute (/home/joma/Projects/trading-bot/node_modules/telegraf/lib/composer.js:518:17)"
      }
    }
[2024-10-30 02:10:45 +0500] [31mERROR[39m: [36mTelegram bot error[39m
    content: {
      "err": {
        "type": "TypeError",
        "message": "Cannot read properties of undefined (reading 'id')",
        "stack": "TypeError: Cannot read properties of undefined (reading 'id')\n    at EditConfigWizard.onNewValueReceived (/home/joma/Projects/trading-bot/src/presentation/telegram-bot/updates/trading-update.ts:184:66)\n    at /home/joma/Projects/trading-bot/node_modules/@nestjs/core/helpers/external-context-creator.js:67:33\n    at process.processTicksAndRejections (node:internal/process/task_queues:95:5)\n    at async target (/home/joma/Projects/trading-bot/node_modules/@nestjs/core/helpers/external-context-creator.js:74:28)\n    at async /home/joma/Projects/trading-bot/node_modules/@nestjs/core/helpers/external-proxy.js:9:24\n    at async /home/joma/Projects/trading-bot/node_modules/nestjs-telegraf/dist/services/listeners-explorer.service.js:161:32\n    at async execute (/home/joma/Projects/trading-bot/node_modules/telegraf/lib/composer.js:518:17)\n    at async /home/joma/Projects/trading-bot/node_modules/telegraf/lib/composer.js:519:21\n    at async execute (/home/joma/Projects/trading-bot/node_modules/telegraf/lib/composer.js:518:17)\n    at async execute (/home/joma/Projects/trading-bot/node_modules/telegraf/lib/composer.js:518:17)"
      }
    }
[2024-10-30 02:16:52 +0500] [31mERROR[39m: [36mTelegram bot error[39m
    content: {
      "err": {
        "type": "TypeError",
        "message": "Cannot read properties of undefined (reading 'id')",
        "stack": "TypeError: Cannot read properties of undefined (reading 'id')\n    at EditConfigWizard.onSceneEnter (/home/joma/Projects/trading-bot/src/presentation/telegram-bot/updates/trading-update.ts:142:66)\n    at /home/joma/Projects/trading-bot/node_modules/@nestjs/core/helpers/external-context-creator.js:67:33\n    at process.processTicksAndRejections (node:internal/process/task_queues:95:5)\n    at async target (/home/joma/Projects/trading-bot/node_modules/@nestjs/core/helpers/external-context-creator.js:74:28)\n    at async /home/joma/Projects/trading-bot/node_modules/@nestjs/core/helpers/external-proxy.js:9:24\n    at async /home/joma/Projects/trading-bot/node_modules/nestjs-telegraf/dist/services/listeners-explorer.service.js:161:32\n    at async execute (/home/joma/Projects/trading-bot/node_modules/telegraf/lib/composer.js:518:17)\n    at async /home/joma/Projects/trading-bot/node_modules/telegraf/lib/composer.js:519:21\n    at async execute (/home/joma/Projects/trading-bot/node_modules/telegraf/lib/composer.js:518:17)\n    at async execute (/home/joma/Projects/trading-bot/node_modules/telegraf/lib/composer.js:518:17)"
      }
    }
[2024-10-30 03:16:06 +0500] [31mERROR[39m: [36mTelegram bot error[39m
    content: {
      "err": {
        "type": "TypeError",
        "message": "Cannot read properties of undefined (reading 'id')",
        "stack": "TypeError: Cannot read properties of undefined (reading 'id')\n    at EditConfigWizard.onSceneEnter (/home/joma/Projects/trading-bot/src/presentation/telegram-bot/trading/trading-config-wizard.ts:19:62)\n    at /home/joma/Projects/trading-bot/node_modules/@nestjs/core/helpers/external-context-creator.js:67:33\n    at process.processTicksAndRejections (node:internal/process/task_queues:95:5)\n    at async target (/home/joma/Projects/trading-bot/node_modules/@nestjs/core/helpers/external-context-creator.js:74:28)\n    at async /home/joma/Projects/trading-bot/node_modules/@nestjs/core/helpers/external-proxy.js:9:24\n    at async /home/joma/Projects/trading-bot/node_modules/nestjs-telegraf/dist/services/listeners-explorer.service.js:161:32\n    at async execute (/home/joma/Projects/trading-bot/node_modules/telegraf/lib/composer.js:518:17)\n    at async /home/joma/Projects/trading-bot/node_modules/telegraf/lib/composer.js:519:21\n    at async execute (/home/joma/Projects/trading-bot/node_modules/telegraf/lib/composer.js:518:17)\n    at async execute (/home/joma/Projects/trading-bot/node_modules/telegraf/lib/composer.js:518:17)"
      }
    }
[2024-10-30 03:16:11 +0500] [31mERROR[39m: [36mTelegram bot error[39m
    content: {
      "err": {
        "type": "TypeError",
        "message": "Cannot read properties of undefined (reading 'id')",
        "stack": "TypeError: Cannot read properties of undefined (reading 'id')\n    at EditConfigWizard.onSceneEnter (/home/joma/Projects/trading-bot/src/presentation/telegram-bot/trading/trading-config-wizard.ts:19:62)\n    at /home/joma/Projects/trading-bot/node_modules/@nestjs/core/helpers/external-context-creator.js:67:33\n    at process.processTicksAndRejections (node:internal/process/task_queues:95:5)\n    at async target (/home/joma/Projects/trading-bot/node_modules/@nestjs/core/helpers/external-context-creator.js:74:28)\n    at async /home/joma/Projects/trading-bot/node_modules/@nestjs/core/helpers/external-proxy.js:9:24\n    at async /home/joma/Projects/trading-bot/node_modules/nestjs-telegraf/dist/services/listeners-explorer.service.js:161:32\n    at async execute (/home/joma/Projects/trading-bot/node_modules/telegraf/lib/composer.js:518:17)\n    at async /home/joma/Projects/trading-bot/node_modules/telegraf/lib/composer.js:519:21\n    at async execute (/home/joma/Projects/trading-bot/node_modules/telegraf/lib/composer.js:518:17)\n    at async execute (/home/joma/Projects/trading-bot/node_modules/telegraf/lib/composer.js:518:17)"
      }
    }
[2024-10-30 03:17:17 +0500] [31mERROR[39m: [36mTelegram bot error[39m
    content: {
      "err": {
        "type": "TypeError",
        "message": "Cannot read properties of undefined (reading 'id')",
        "stack": "TypeError: Cannot read properties of undefined (reading 'id')\n    at EditConfigWizard.onSceneEnter (/home/joma/Projects/trading-bot/src/presentation/telegram-bot/trading/trading-config-wizard.ts:19:62)\n    at /home/joma/Projects/trading-bot/node_modules/@nestjs/core/helpers/external-context-creator.js:67:33\n    at process.processTicksAndRejections (node:internal/process/task_queues:95:5)\n    at async target (/home/joma/Projects/trading-bot/node_modules/@nestjs/core/helpers/external-context-creator.js:74:28)\n    at async /home/joma/Projects/trading-bot/node_modules/@nestjs/core/helpers/external-proxy.js:9:24\n    at async /home/joma/Projects/trading-bot/node_modules/nestjs-telegraf/dist/services/listeners-explorer.service.js:161:32\n    at async execute (/home/joma/Projects/trading-bot/node_modules/telegraf/lib/composer.js:518:17)\n    at async /home/joma/Projects/trading-bot/node_modules/telegraf/lib/composer.js:519:21\n    at async execute (/home/joma/Projects/trading-bot/node_modules/telegraf/lib/composer.js:518:17)\n    at async execute (/home/joma/Projects/trading-bot/node_modules/telegraf/lib/composer.js:518:17)"
      }
    }
[2024-10-30 03:17:23 +0500] [31mERROR[39m: [36mTelegram bot error[39m
    content: {
      "err": {
        "type": "TypeError",
        "message": "Cannot read properties of undefined (reading 'id')",
        "stack": "TypeError: Cannot read properties of undefined (reading 'id')\n    at EditConfigWizard.onSceneEnter (/home/joma/Projects/trading-bot/src/presentation/telegram-bot/trading/trading-config-wizard.ts:19:62)\n    at /home/joma/Projects/trading-bot/node_modules/@nestjs/core/helpers/external-context-creator.js:67:33\n    at process.processTicksAndRejections (node:internal/process/task_queues:95:5)\n    at async target (/home/joma/Projects/trading-bot/node_modules/@nestjs/core/helpers/external-context-creator.js:74:28)\n    at async /home/joma/Projects/trading-bot/node_modules/@nestjs/core/helpers/external-proxy.js:9:24\n    at async /home/joma/Projects/trading-bot/node_modules/nestjs-telegraf/dist/services/listeners-explorer.service.js:161:32\n    at async execute (/home/joma/Projects/trading-bot/node_modules/telegraf/lib/composer.js:518:17)\n    at async /home/joma/Projects/trading-bot/node_modules/telegraf/lib/composer.js:519:21\n    at async execute (/home/joma/Projects/trading-bot/node_modules/telegraf/lib/composer.js:518:17)\n    at async execute (/home/joma/Projects/trading-bot/node_modules/telegraf/lib/composer.js:518:17)"
      }
    }
[2024-10-30 03:28:32 +0500] [31mERROR[39m: [36mTelegram bot error[39m
    content: {
      "err": {
        "type": "TypeError",
        "message": "Cannot read properties of undefined (reading 'id')",
        "stack": "TypeError: Cannot read properties of undefined (reading 'id')\n    at EditConfigWizard.onCancelEdit (/home/joma/Projects/trading-bot/src/presentation/telegram-bot/trading/trading-config-wizard.ts:90:34)\n    at /home/joma/Projects/trading-bot/node_modules/@nestjs/core/helpers/external-context-creator.js:67:33\n    at process.processTicksAndRejections (node:internal/process/task_queues:95:5)\n    at async target (/home/joma/Projects/trading-bot/node_modules/@nestjs/core/helpers/external-context-creator.js:74:28)\n    at async /home/joma/Projects/trading-bot/node_modules/@nestjs/core/helpers/external-proxy.js:9:24\n    at async /home/joma/Projects/trading-bot/node_modules/nestjs-telegraf/dist/services/listeners-explorer.service.js:161:32\n    at async execute (/home/joma/Projects/trading-bot/node_modules/telegraf/lib/composer.js:518:17)\n    at async /home/joma/Projects/trading-bot/node_modules/telegraf/lib/composer.js:519:21\n    at async execute (/home/joma/Projects/trading-bot/node_modules/telegraf/lib/composer.js:518:17)\n    at async /home/joma/Projects/trading-bot/node_modules/telegraf/lib/composer.js:519:21"
      }
    }
[2024-10-30 03:31:10 +0500] [31mERROR[39m: [36mTelegram bot error[39m
    content: {
      "err": {
        "type": "TypeError",
        "message": "Cannot read properties of undefined (reading 'id')",
        "stack": "TypeError: Cannot read properties of undefined (reading 'id')\n    at EditConfigWizard.onNewValueReceived (/home/joma/Projects/trading-bot/src/presentation/telegram-bot/trading/trading-config-wizard.ts:72:34)\n    at /home/joma/Projects/trading-bot/node_modules/@nestjs/core/helpers/external-context-creator.js:67:33\n    at process.processTicksAndRejections (node:internal/process/task_queues:95:5)\n    at async target (/home/joma/Projects/trading-bot/node_modules/@nestjs/core/helpers/external-context-creator.js:74:28)\n    at async /home/joma/Projects/trading-bot/node_modules/@nestjs/core/helpers/external-proxy.js:9:24\n    at async /home/joma/Projects/trading-bot/node_modules/nestjs-telegraf/dist/services/listeners-explorer.service.js:161:32\n    at async execute (/home/joma/Projects/trading-bot/node_modules/telegraf/lib/composer.js:518:17)\n    at async /home/joma/Projects/trading-bot/node_modules/telegraf/lib/composer.js:519:21\n    at async execute (/home/joma/Projects/trading-bot/node_modules/telegraf/lib/composer.js:518:17)\n    at async execute (/home/joma/Projects/trading-bot/node_modules/telegraf/lib/composer.js:518:17)"
      }
    }
[2024-10-30 03:33:19 +0500] [31mERROR[39m: [36mTelegram bot error[39m
    content: {
      "err": {
        "type": "TypeError",
        "message": "Cannot read properties of undefined (reading 'id')",
        "stack": "TypeError: Cannot read properties of undefined (reading 'id')\n    at EditConfigWizard.onNewValueReceived (/home/joma/Projects/trading-bot/src/presentation/telegram-bot/trading/trading-config-wizard.ts:74:35)\n    at /home/joma/Projects/trading-bot/node_modules/@nestjs/core/helpers/external-context-creator.js:67:33\n    at process.processTicksAndRejections (node:internal/process/task_queues:95:5)\n    at async target (/home/joma/Projects/trading-bot/node_modules/@nestjs/core/helpers/external-context-creator.js:74:28)\n    at async /home/joma/Projects/trading-bot/node_modules/@nestjs/core/helpers/external-proxy.js:9:24\n    at async /home/joma/Projects/trading-bot/node_modules/nestjs-telegraf/dist/services/listeners-explorer.service.js:161:32\n    at async execute (/home/joma/Projects/trading-bot/node_modules/telegraf/lib/composer.js:518:17)\n    at async /home/joma/Projects/trading-bot/node_modules/telegraf/lib/composer.js:519:21\n    at async execute (/home/joma/Projects/trading-bot/node_modules/telegraf/lib/composer.js:518:17)\n    at async execute (/home/joma/Projects/trading-bot/node_modules/telegraf/lib/composer.js:518:17)"
      }
    }
[2024-10-30 03:45:04 +0500] [31mERROR[39m: [36mTelegram bot error[39m
    content: {
      "err": {
        "type": "TypeError",
        "message": "Cannot read properties of undefined (reading 'id')",
        "stack": "TypeError: Cannot read properties of undefined (reading 'id')\n    at EditConfigWizard.stepSecond (/home/joma/Projects/trading-bot/src/presentation/telegram-bot/trading/trading-config-wizard.ts:81:35)\n    at /home/joma/Projects/trading-bot/node_modules/@nestjs/core/helpers/external-context-creator.js:67:33\n    at process.processTicksAndRejections (node:internal/process/task_queues:95:5)\n    at async target (/home/joma/Projects/trading-bot/node_modules/@nestjs/core/helpers/external-context-creator.js:74:28)\n    at async /home/joma/Projects/trading-bot/node_modules/@nestjs/core/helpers/external-proxy.js:9:24\n    at async /home/joma/Projects/trading-bot/node_modules/nestjs-telegraf/dist/services/listeners-explorer.service.js:161:32\n    at async execute (/home/joma/Projects/trading-bot/node_modules/telegraf/lib/composer.js:518:17)\n    at async /home/joma/Projects/trading-bot/node_modules/telegraf/lib/composer.js:519:21\n    at async execute (/home/joma/Projects/trading-bot/node_modules/telegraf/lib/composer.js:518:17)\n    at async execute (/home/joma/Projects/trading-bot/node_modules/telegraf/lib/composer.js:518:17)"
      }
    }
[2024-10-30 03:47:02 +0500] [31mERROR[39m: [36mTelegram bot error[39m
    content: {
      "err": {
        "type": "TypeError",
        "message": "Cannot read properties of undefined (reading 'id')",
        "stack": "TypeError: Cannot read properties of undefined (reading 'id')\n    at EditConfigWizard.stepSecond (/home/joma/Projects/trading-bot/src/presentation/telegram-bot/trading/trading-config-wizard.ts:81:35)\n    at /home/joma/Projects/trading-bot/node_modules/@nestjs/core/helpers/external-context-creator.js:67:33\n    at process.processTicksAndRejections (node:internal/process/task_queues:95:5)\n    at async target (/home/joma/Projects/trading-bot/node_modules/@nestjs/core/helpers/external-context-creator.js:74:28)\n    at async /home/joma/Projects/trading-bot/node_modules/@nestjs/core/helpers/external-proxy.js:9:24\n    at async /home/joma/Projects/trading-bot/node_modules/nestjs-telegraf/dist/services/listeners-explorer.service.js:161:32\n    at async execute (/home/joma/Projects/trading-bot/node_modules/telegraf/lib/composer.js:518:17)\n    at async /home/joma/Projects/trading-bot/node_modules/telegraf/lib/composer.js:519:21\n    at async execute (/home/joma/Projects/trading-bot/node_modules/telegraf/lib/composer.js:518:17)\n    at async execute (/home/joma/Projects/trading-bot/node_modules/telegraf/lib/composer.js:518:17)"
      }
    }
[2024-10-30 03:49:28 +0500] [31mERROR[39m: [36mTelegram bot error[39m
    content: {
      "err": {
        "type": "TypeError",
        "message": "Cannot read properties of undefined (reading 'id')",
        "stack": "TypeError: Cannot read properties of undefined (reading 'id')\n    at EditConfigWizard.onCancelEdit (/home/joma/Projects/trading-bot/src/presentation/telegram-bot/trading/trading-config-wizard.ts:99:35)\n    at /home/joma/Projects/trading-bot/node_modules/@nestjs/core/helpers/external-context-creator.js:67:33\n    at process.processTicksAndRejections (node:internal/process/task_queues:95:5)\n    at async target (/home/joma/Projects/trading-bot/node_modules/@nestjs/core/helpers/external-context-creator.js:74:28)\n    at async /home/joma/Projects/trading-bot/node_modules/@nestjs/core/helpers/external-proxy.js:9:24\n    at async /home/joma/Projects/trading-bot/node_modules/nestjs-telegraf/dist/services/listeners-explorer.service.js:161:32\n    at async execute (/home/joma/Projects/trading-bot/node_modules/telegraf/lib/composer.js:518:17)\n    at async /home/joma/Projects/trading-bot/node_modules/telegraf/lib/composer.js:519:21\n    at async execute (/home/joma/Projects/trading-bot/node_modules/telegraf/lib/composer.js:518:17)\n    at async /home/joma/Projects/trading-bot/node_modules/telegraf/lib/composer.js:519:21"
      }
    }
[2024-10-30 04:00:16 +0500] [31mERROR[39m: [36mTelegram bot error[39m
    content: {
      "err": {
        "type": "TelegramError",
        "message": "400: Bad Request: message is not modified: specified new message content and reply markup are exactly the same as a current content and reply markup of the message",
        "stack": "Error: 400: Bad Request: message is not modified: specified new message content and reply markup are exactly the same as a current content and reply markup of the message\n    at Telegram.callApi (/home/joma/Projects/trading-bot/node_modules/telegraf/lib/core/network/client.js:315:19)\n    at process.processTicksAndRejections (node:internal/process/task_queues:95:5)\n    at async EditConfigWizard.deletePrevKeyboards (/home/joma/Projects/trading-bot/src/presentation/telegram-bot/trading/trading-config-wizard.ts:56:4)\n    at async EditConfigWizard.onSceneEnter (/home/joma/Projects/trading-bot/src/presentation/telegram-bot/trading/trading-config-wizard.ts:42:3)\n    at async target (/home/joma/Projects/trading-bot/node_modules/@nestjs/core/helpers/external-context-creator.js:74:28)\n    at async /home/joma/Projects/trading-bot/node_modules/@nestjs/core/helpers/external-proxy.js:9:24\n    at async /home/joma/Projects/trading-bot/node_modules/nestjs-telegraf/dist/services/listeners-explorer.service.js:161:32\n    at async execute (/home/joma/Projects/trading-bot/node_modules/telegraf/lib/composer.js:518:17)\n    at async /home/joma/Projects/trading-bot/node_modules/telegraf/lib/composer.js:519:21\n    at async execute (/home/joma/Projects/trading-bot/node_modules/telegraf/lib/composer.js:518:17)",
        "response": {
          "ok": false,
          "error_code": 400,
          "description": "Bad Request: message is not modified: specified new message content and reply markup are exactly the same as a current content and reply markup of the message"
        },
        "on": {
          "method": "editMessageReplyMarkup",
          "payload": {
            "chat_id": 989152898,
            "message_id": 551,
            "inline_message_id": 551
          }
        }
      }
    }
[2024-10-30 04:14:13 +0500] [31mERROR[39m: [36mTelegram bot error[39m
    content: {
      "err": {
        "type": "TelegramError",
        "message": "400: Bad Request: message can't be edited",
        "stack": "Error: 400: Bad Request: message can't be edited\n    at Telegram.callApi (/home/joma/Projects/trading-bot/node_modules/telegraf/lib/core/network/client.js:315:19)\n    at process.processTicksAndRejections (node:internal/process/task_queues:95:5)\n    at async TradingTelegramUpdate.handleEditConfigCommand (/home/joma/Projects/trading-bot/src/presentation/telegram-bot/trading/trading-update.ts:67:3)\n    at async target (/home/joma/Projects/trading-bot/node_modules/@nestjs/core/helpers/external-context-creator.js:74:28)\n    at async /home/joma/Projects/trading-bot/node_modules/@nestjs/core/helpers/external-proxy.js:9:24\n    at async /home/joma/Projects/trading-bot/node_modules/nestjs-telegraf/dist/services/listeners-explorer.service.js:161:32\n    at async execute (/home/joma/Projects/trading-bot/node_modules/telegraf/lib/composer.js:518:17)\n    at async /home/joma/Projects/trading-bot/node_modules/telegraf/lib/composer.js:519:21\n    at async execute (/home/joma/Projects/trading-bot/node_modules/telegraf/lib/composer.js:518:17)\n    at async /home/joma/Projects/trading-bot/node_modules/telegraf/lib/composer.js:519:21",
        "response": {
          "ok": false,
          "error_code": 400,
          "description": "Bad Request: message can't be edited"
        },
        "on": {
          "method": "editMessageReplyMarkup",
          "payload": {
            "chat_id": 989152898,
            "message_id": 605
          }
        }
      }
    }
[2024-10-30 04:14:17 +0500] [31mERROR[39m: [36mTelegram bot error[39m
    content: {
      "err": {
        "type": "TelegramError",
        "message": "400: Bad Request: message can't be edited",
        "stack": "Error: 400: Bad Request: message can't be edited\n    at Telegram.callApi (/home/joma/Projects/trading-bot/node_modules/telegraf/lib/core/network/client.js:315:19)\n    at process.processTicksAndRejections (node:internal/process/task_queues:95:5)\n    at async TradingTelegramUpdate.handleEditConfigCommand (/home/joma/Projects/trading-bot/src/presentation/telegram-bot/trading/trading-update.ts:67:3)\n    at async target (/home/joma/Projects/trading-bot/node_modules/@nestjs/core/helpers/external-context-creator.js:74:28)\n    at async /home/joma/Projects/trading-bot/node_modules/@nestjs/core/helpers/external-proxy.js:9:24\n    at async /home/joma/Projects/trading-bot/node_modules/nestjs-telegraf/dist/services/listeners-explorer.service.js:161:32\n    at async execute (/home/joma/Projects/trading-bot/node_modules/telegraf/lib/composer.js:518:17)\n    at async /home/joma/Projects/trading-bot/node_modules/telegraf/lib/composer.js:519:21\n    at async execute (/home/joma/Projects/trading-bot/node_modules/telegraf/lib/composer.js:518:17)\n    at async /home/joma/Projects/trading-bot/node_modules/telegraf/lib/composer.js:519:21",
        "response": {
          "ok": false,
          "error_code": 400,
          "description": "Bad Request: message can't be edited"
        },
        "on": {
          "method": "editMessageReplyMarkup",
          "payload": {
            "chat_id": 989152898,
            "message_id": 606
          }
        }
      }
    }
[2024-10-30 04:15:08 +0500] [31mERROR[39m: [36mTelegram bot error[39m
    content: {
      "err": {
        "type": "TelegramError",
        "message": "400: Bad Request: message can't be edited",
        "stack": "Error: 400: Bad Request: message can't be edited\n    at Telegram.callApi (/home/joma/Projects/trading-bot/node_modules/telegraf/lib/core/network/client.js:315:19)\n    at process.processTicksAndRejections (node:internal/process/task_queues:95:5)\n    at async TradingTelegramUpdate.handleEditConfigCommand (/home/joma/Projects/trading-bot/src/presentation/telegram-bot/trading/trading-update.ts:67:3)\n    at async target (/home/joma/Projects/trading-bot/node_modules/@nestjs/core/helpers/external-context-creator.js:74:28)\n    at async /home/joma/Projects/trading-bot/node_modules/@nestjs/core/helpers/external-proxy.js:9:24\n    at async /home/joma/Projects/trading-bot/node_modules/nestjs-telegraf/dist/services/listeners-explorer.service.js:161:32\n    at async execute (/home/joma/Projects/trading-bot/node_modules/telegraf/lib/composer.js:518:17)\n    at async /home/joma/Projects/trading-bot/node_modules/telegraf/lib/composer.js:519:21\n    at async execute (/home/joma/Projects/trading-bot/node_modules/telegraf/lib/composer.js:518:17)\n    at async /home/joma/Projects/trading-bot/node_modules/telegraf/lib/composer.js:519:21",
        "response": {
          "ok": false,
          "error_code": 400,
          "description": "Bad Request: message can't be edited"
        },
        "on": {
          "method": "editMessageReplyMarkup",
          "payload": {
            "chat_id": 989152898,
            "message_id": 607
          }
        }
      }
    }
[2024-10-30 04:19:41 +0500] [31mERROR[39m: [36mTelegram bot error[39m
    content: {
      "err": {
        "type": "TypeError",
        "message": "Cannot read properties of null (reading 'id')",
        "stack": "TypeError: Cannot read properties of null (reading 'id')\n    at EditConfigWizard.handleSceneEnter (/home/joma/Projects/trading-bot/src/presentation/telegram-bot/trading/trading-config-wizard.ts:36:13)\n    at process.processTicksAndRejections (node:internal/process/task_queues:95:5)"
      }
    }
[2024-10-30 04:19:47 +0500] [31mERROR[39m: [36mTelegram bot error[39m
    content: {
      "err": {
        "type": "TypeError",
        "message": "Cannot read properties of null (reading 'id')",
        "stack": "TypeError: Cannot read properties of null (reading 'id')\n    at EditConfigWizard.handleSceneEnter (/home/joma/Projects/trading-bot/src/presentation/telegram-bot/trading/trading-config-wizard.ts:36:13)\n    at process.processTicksAndRejections (node:internal/process/task_queues:95:5)"
      }
    }
[2024-10-30 04:19:48 +0500] [31mERROR[39m: [36mTelegram bot error[39m
    content: {
      "err": {
        "type": "TypeError",
        "message": "Cannot read properties of null (reading 'id')",
        "stack": "TypeError: Cannot read properties of null (reading 'id')\n    at EditConfigWizard.handleSceneEnter (/home/joma/Projects/trading-bot/src/presentation/telegram-bot/trading/trading-config-wizard.ts:36:13)\n    at process.processTicksAndRejections (node:internal/process/task_queues:95:5)"
      }
    }
[2024-10-30 04:19:49 +0500] [31mERROR[39m: [36mTelegram bot error[39m
    content: {
      "err": {
        "type": "TypeError",
        "message": "Cannot read properties of null (reading 'id')",
        "stack": "TypeError: Cannot read properties of null (reading 'id')\n    at EditConfigWizard.handleSceneEnter (/home/joma/Projects/trading-bot/src/presentation/telegram-bot/trading/trading-config-wizard.ts:36:13)\n    at process.processTicksAndRejections (node:internal/process/task_queues:95:5)"
      }
    }
[2024-10-30 04:19:49 +0500] [31mERROR[39m: [36mTelegram bot error[39m
    content: {
      "err": {
        "type": "TypeError",
        "message": "Cannot read properties of null (reading 'id')",
        "stack": "TypeError: Cannot read properties of null (reading 'id')\n    at EditConfigWizard.handleSceneEnter (/home/joma/Projects/trading-bot/src/presentation/telegram-bot/trading/trading-config-wizard.ts:36:13)\n    at process.processTicksAndRejections (node:internal/process/task_queues:95:5)"
      }
    }
[2024-10-30 04:19:50 +0500] [31mERROR[39m: [36mTelegram bot error[39m
    content: {
      "err": {
        "type": "TypeError",
        "message": "Cannot read properties of null (reading 'id')",
        "stack": "TypeError: Cannot read properties of null (reading 'id')\n    at EditConfigWizard.handleSceneEnter (/home/joma/Projects/trading-bot/src/presentation/telegram-bot/trading/trading-config-wizard.ts:36:13)\n    at process.processTicksAndRejections (node:internal/process/task_queues:95:5)"
      }
    }
